[www.emergencydentistnewyorkny.com/index.html]
[backblue.gif]
[fade.gif]
[index.html]
[www.emergencydentistnewyorkny.com/favicons/6a6b57e1-b523-4e74-843d-4709bf1efe7a/favicon-180x180.png]
[www.emergencydentistnewyorkny.com/favicons/6a6b57e1-b523-4e74-843d-4709bf1efe7a/favicon-32x32.png]
[www.emergencydentistnewyorkny.com/favicons/6a6b57e1-b523-4e74-843d-4709bf1efe7a/favicon-16x16.png]
[www.emergencydentistnewyorkny.com/bundle/publish/0.4.220/publish.css]
[www.emergencydentistnewyorkny.com/styles/6a6b57e1-b523-4e74-843d-4709bf1efe7adef4.css]
[www.emergencydentistnewyorkny.com/bundle/publish/0.4.220/vendors.js]
[www.emergencydentistnewyorkny.com/index.html]
[www.emergencydentistnewyorkny.com/bundle/publish/0.4.220/publish.css]
[www.emergencydentistnewyorkny.com/styles/6a6b57e1-b523-4e74-843d-4709bf1efe7adef4.css]
[www.emergencydentistnewyorkny.com/services/index.html]
[www.emergencydentistnewyorkny.com/services/emergency-dentistry/index.html]
[www.emergencydentistnewyorkny.com/services/cosmetic-dentistry/index.html]
[www.emergencydentistnewyorkny.com/services/dental-bonding/index.html]
[www.emergencydentistnewyorkny.com/services/dental-bridge-repair/index.html]
[www.emergencydentistnewyorkny.com/services/dental-crown-repair/index.html]
[www.emergencydentistnewyorkny.com/services/dental-fillings/index.html]
[www.emergencydentistnewyorkny.com/services/dentures-repair/index.html]
[www.emergencydentistnewyorkny.com/services/dental-veneers/index.html]
[www.emergencydentistnewyorkny.com/services/endodontics-and-root-canals/index.html]
[www.emergencydentistnewyorkny.com/services/restorative-dentistry/index.html]
[www.emergencydentistnewyorkny.com/about/index.html]
[www.emergencydentistnewyorkny.com/contact/index.html]
[www.emergencydentistnewyorkny.com/privacy-and-cookies-policy/index.html]
[www.emergencydentistnewyorkny.com/bundle/publish/0.4.220/bundle.js]
